<?xml version="1.0" encoding="UTF-8"?>
<!-- Generated by org.testng.reporters.JUnitXMLReporter -->
<testsuite ignored="1" hostname="DESKTOP-2E4JKQ5" failures="0" tests="3" name="OrangeHRMMyInfo" time="22.718" errors="0" timestamp="2022-10-28T14:53:11 IST">
  <testcase classname="com.pra.Test.HrmTest" name="LaunchApp" time="10.251"/>
  <testcase classname="com.pra.Test.HrmTest" name="EnterLoginDetails" time="4.504"/>
  <testcase classname="com.pra.Test.HrmTest" name="NavigateToMyInfo" time="7.941"/>
  <testcase classname="com.pra.Test.HrmTest" name="VerifyLoginInfo" time="0.0">
    <ignored/>
  </testcase> <!-- VerifyLoginInfo -->
</testsuite> <!-- OrangeHRMMyInfo -->
