<?xml version="1.0" encoding="UTF-8"?>
<!-- Generated by org.testng.reporters.JUnitXMLReporter -->
<testsuite ignored="1" hostname="DESKTOP-2E4JKQ5" failures="1" tests="3" name="OrangeHRMLogin" time="20.676" errors="0" timestamp="2022-10-28T14:52:48 IST">
  <testcase classname="com.pra.Test.HrmTest" name="VerifyLoginInfo" time="0.038">
    <failure type="java.lang.NullPointerException">
      <![CDATA[java.lang.NullPointerException
at com.pra.Test.HrmTest.VerifyLoginInfo(HrmTest.java:43)
at java.base/java.util.ArrayList.forEach(ArrayList.java:1541)
... Removed 27 stack frames]]>
    </failure>
  </testcase> <!-- VerifyLoginInfo -->
  <testcase classname="com.pra.Test.HrmTest" name="LaunchApp" time="16.094"/>
  <testcase classname="com.pra.Test.HrmTest" name="EnterLoginDetails" time="4.379"/>
  <testcase classname="com.pra.Test.HrmTest" name="NavigateToMyInfo" time="0.0">
    <ignored/>
  </testcase> <!-- NavigateToMyInfo -->
</testsuite> <!-- OrangeHRMLogin -->
