<?xml version="1.0" encoding="UTF-8"?>
<testng-results ignored="0" total="1" passed="1" failed="0" skipped="0">
  <reporter-output>
  </reporter-output>
  <suite started-at="2022-10-28T15:54:47 IST" name="Default suite" finished-at="2022-10-28T15:55:04 IST" duration-ms="16818">
    <groups>
    </groups>
    <test started-at="2022-10-28T15:54:47 IST" name="Default test" finished-at="2022-10-28T15:55:04 IST" duration-ms="16818">
      <class name="com.pra.Test.FirstTest">
        <test-method signature="testGoogle()[pri:0, instance:com.pra.Test.FirstTest@1530c739]" started-at="2022-10-28T15:54:47 IST" name="testGoogle" finished-at="2022-10-28T15:55:04 IST" duration-ms="16484" status="PASS">
          <reporter-output>
          </reporter-output>
        </test-method> <!-- testGoogle -->
      </class> <!-- com.pra.Test.FirstTest -->
    </test> <!-- Default test -->
  </suite> <!-- Default suite -->
</testng-results>
